<?xml version="1.0" encoding="UTF-8"?>
<!-- Generated by org.testng.reporters.JUnitReportReporter -->
<testsuite hostname="LAPTOP-B43NS9G1" failures="0" tests="1" name="koo1.koo1cl" time="15.381" errors="0" timestamp="27 Nov 2022 12:14:31 GMT">
  <testcase classname="koo1.koo1cl" name="c1" time="15.381"/>
</testsuite> <!-- koo1.koo1cl -->
