<?xml version="1.0" encoding="UTF-8"?>
<!-- Generated by org.testng.reporters.JUnitReportReporter -->
<testsuite hostname="LAPTOP-B43NS9G1" failures="0" tests="3" name="koo1.koo2" time="69.469" errors="0" timestamp="1 Dec 2022 16:23:22 GMT">
  <testcase classname="koo1.koo2" name="koo4" time="4.056"/>
  <testcase classname="koo1.koo2" name="koo3" time="60.874"/>
  <testcase classname="koo1.koo2" name="koo2" time="4.539"/>
</testsuite> <!-- koo1.koo2 -->
